
<project name="junit4" default="statuses">
    <property name="native.libs" location="${basedir}/../../src/native/lib" />

    <path id="junit.classpath">
        <fileset dir="..">
            <include name="dependency/junit-*.jar" />
        </fileset>
    </path>

    <path id="tests.classpath">
        <path location="." />
        <path refid="junit.classpath" />
    </path>

    <taskdef resource="junit4.antlib.xml">
        <classpath refid="junit.classpath" />
        <classpath>
            <fileset dir=".." id="fileset.junit4">
                <include name="ant-junit4-*.jar" />
                <exclude name="*proguard_base.jar" />
            </fileset>
        </classpath>
    </taskdef>

    <presetdef name="junit4.preconf">
        <junit4 haltonfailure="true" parallelism="1" shuffleOnSlave="true">
            <classpath refid="tests.classpath" />

            <listeners>
                <report-text
                    showThrowable="true" 
                    showStackTraces="true" 
                    showOutputStream="true" 
                    showErrorStream="true"

                    showStatusOk="true"
                    showStatusError="true"
                    showStatusFailure="true"
                    showStatusIgnored="true"

                    showSuiteSummary="false"
                />
            </listeners>
        </junit4>
    </presetdef>

    <!-- Targets below are connected with test cases. -->

    <target name="sysstreams">
        <junit4.preconf>
            <fileset dir="${basedir}">
                <include name="**/tests/TestSysstreams.class" />
            </fileset>
        </junit4.preconf>
    </target>

    <target name="nojunit">
        <junit4>
            <fileset dir="${basedir}">
                <include name="**/tests/TestSysstreams.class" />
            </fileset>
        </junit4>
    </target>
    
    <target name="oldjunit">
        <junit4>
            <classpath>
                <path location="." />
                <fileset dir="${basedir}/../.." includes="lib/junit*.jar" />
            </classpath>
            <fileset dir="${basedir}">
                <include name="**/tests/TestStatuses.class" />
            </fileset>
        </junit4>
    </target>    

    <target name="statuses">
        <junit4.preconf>
            <fileset dir="${basedir}">
                <include name="**/tests/TestStatuses.class" />
            </fileset>
        </junit4.preconf>
    </target>

    <target name="ignoredSuite">
        <junit4.preconf>
            <fileset dir="${basedir}">
                <include name="**/tests/TestIgnoredSuite.class" />
            </fileset>
        </junit4.preconf>
    </target>

    <target name="beforeClassError">
        <junit4.preconf>
            <fileset dir="${basedir}">
                <include name="**/tests/TestBeforeClassError.class" />
            </fileset>
        </junit4.preconf>
    </target>

    <target name="afterClassError">
        <junit4.preconf>
            <fileset dir="${basedir}">
                <include name="**/tests/TestAfterClassError.class" />
            </fileset>
        </junit4.preconf>
    </target>

    <target name="hierarchicalSuiteDescription">
        <junit4.preconf>
            <fileset dir="${basedir}">
                <include name="**/tests/TestHierarchicalSuiteDescription.class" />
            </fileset>
        </junit4.preconf>
    </target>

    <target name="dir">
        <delete dir="empty" failonerror="false" />
        <mkdir dir="empty" />

        <junit4.preconf dir="empty" leaveTemporary="true">
            <fileset dir="${basedir}">
                <include name="**/tests/TestDir.class" />
            </fileset>
        </junit4.preconf>

        <fail message="Expected marker file to appear at ${basedir}/empty/S0/touch.me">
            <condition>
                <not>
                    <available file="empty/S0/touch.me" type="file" />
                </not>
            </condition>
        </fail>

        <junit4.preconf dir="empty" isolateWorkingDirectories="false">
            <fileset dir="${basedir}">
                <include name="**/tests/TestDir.class" />
            </fileset>
        </junit4.preconf>

        <fail message="Expected marker file to appear.">
            <condition>
                <not>
                    <available file="empty/touch.me" type="file" />
                </not>
            </condition>
        </fail>    	
    </target>

    <target name="maxmem">
        <junit4.preconf maxmemory="100m">
            <fileset dir="${basedir}">
                <include name="**/tests/TestMaxMem.class" />
            </fileset>
        </junit4.preconf>
    </target>

    <target name="jvmarg">
        <junit4.preconf>
            <jvmarg value="-Xmx100m" />
            <jvmarg value="-Dtest.param=foobar" />

            <fileset dir="${basedir}">
                <include name="**/tests/TestMaxMem.class" />
                <include name="**/tests/TestJvmArg.class" />
            </fileset>
        </junit4.preconf>
    </target>

    <target name="sysproperty">
        <junit4.preconf>
            <sysproperty key="test.param" value="foobar" />

            <fileset dir="${basedir}">
                <include name="**/tests/TestJvmArg.class" />
            </fileset>
        </junit4.preconf>
    </target>

    <target name="env">
        <junit4.preconf>
            <env key="env.variable" value="foobar" />

            <fileset dir="${basedir}">
                <include name="**/tests/TestEnvVar.class" />
            </fileset>
        </junit4.preconf>
    </target>

    <target name="failureProperty">
        <junit4.preconf haltonfailure="false">
            <fileset dir="${basedir}">
                <include name="**/tests/TestStatuses.class" />
            </fileset>
        </junit4.preconf>

        <junit4.preconf haltonfailure="false" failureProperty="tests.failed">
            <fileset dir="${basedir}">
                <include name="**/tests/TestStatuses.class" />
            </fileset>
        </junit4.preconf>

        <fail message="Expected failure property to be set.">
            <condition>
                <not>
                    <isset property="tests.failed" />
                </not>
            </condition>
        </fail>
    </target>

    <target name="failureTypePassing">
        <junit4.preconf haltonfailure="false">
            <classpath>
                <fileset dir=".." includes="dependency/asm*.jar" />
            </classpath>

            <fileset dir="${basedir}">
                <include name="**/tests/TestFailureTypePassing.class" />
            </fileset>
        </junit4.preconf>
    </target>

    <target name="jvmcrash">
        <echo>${native.libs}</echo>
        <junit4.preconf>
            <jvmarg value="-Djava.library.path=${native.libs}" />

            <fileset dir="${basedir}">
                <include name="**/tests/TestJvmCrash.class" />
            </fileset>
        </junit4.preconf>
    </target>

    <target name="antxml">
        <delete dir="ant-xmls" failonerror="false" />
        <mkdir dir="ant-xmls" />

        <junit4 haltonfailure="false">
            <classpath refid="tests.classpath" />

            <listeners>
                <report-ant-xml dir="ant-xmls">
                    <!--
                    <tokenfilter>
                      <replaceregex pattern="" replace="" flags="gi" />
                    </tokenfilter>
                    -->
                </report-ant-xml>
            </listeners>

            <fileset dir="${basedir}">
                <include name="**/tests/TestStatuses.class" />
                <include name="**/tests/TestSysstreams.class" />
                <include name="**/tests/TestIgnoredSuite.class" />
                <include name="**/tests/TestBeforeClassError.class" />
                <include name="**/tests/TestHierarchicalSuiteDescription.class" />
            </fileset>
        </junit4>
    </target>

    <target name="json">
        <delete dir="json" failonerror="false" />
        <mkdir dir="json" />

        <junit4 haltonfailure="false">
            <classpath refid="tests.classpath" />

            <listeners>
                <report-json file="json/report.json" />
                <report-json jsonpMethod="callbackMethod" file="json/report.jsonp" />
                <report-json file="json/output.html" projectName="Nice project" />
            </listeners>

            <fileset dir="${basedir}">
                <include name="**/tests/TestStatuses.class" />
                <include name="**/tests/TestSysstreams.class" />
                <include name="**/tests/TestIgnoredSuite.class" />
                <include name="**/tests/TestBeforeClassError.class" />
                <include name="**/tests/TestHierarchicalSuiteDescription.class" />
            </fileset>
        </junit4>
    </target>

    <target name="classfilter">
    	<local name="rt.class" />
    	<property name="rt.class" value="*Statuses" />
        <junit4.preconf haltonfailure="false">
            <fileset dir="${basedir}">
                <include name="**/tests/Test*.class" />
            </fileset>
        </junit4.preconf>
    </target>

    <target name="methodfilter">
        <local name="rt.class" />
    	<local name="rt.method" />
        <property name="rt.class" value="*Statuses" />
    	<property name="rt.method" value="ignored*" />
        <junit4.preconf haltonfailure="false">
            <fileset dir="${basedir}">
                <include name="**/tests/Test*.class" />
            </fileset>
        </junit4.preconf>
    </target>

    <target name="nojunit-task">
        <taskdef name="junit4-nojunit" classname="com.carrotsearch.ant.tasks.junit4.JUnit4">
            <classpath>
                <fileset refid="fileset.junit4" />
            </classpath>
        </taskdef>

        <junit4-nojunit>
            <classpath refid="tests.classpath" />
            <fileset dir="${basedir}">
                <include name="**/tests/TestStatuses.class" />
            </fileset>
        </junit4-nojunit>
    </target>
    
    <target name="oldjunit-task">
        <taskdef name="junit4-oldjunit" classname="com.carrotsearch.ant.tasks.junit4.JUnit4">
            <classpath>
                <fileset dir="../..">
                    <include name="lib/junit-4.9.jar" />
                </fileset>
                <fileset refid="fileset.junit4" />
            </classpath>
        </taskdef>

        <junit4-oldjunit>
            <classpath refid="tests.classpath" />
            <fileset dir="${basedir}">
                <include name="**/tests/TestStatuses.class" />
            </fileset>
        </junit4-oldjunit>
    </target>

    <target name="escaping">
        <delete dir="empty" failonerror="false" />
        <mkdir dir="empty" />

        <junit4.preconf dir="empty">
            <sysproperty key="sysprop.key" value="${nonexistent-1}" />
            <sysproperty key="sysprop.key2" value="abc def" />
            <jvmarg value="-Dsysprop.key3=%PATH%" />
            <env key="env.variable" value="${nonexistent-3}" />

            <fileset dir="${basedir}">
                <include name="**/tests/TestEscaping.class" />
            </fileset>
        </junit4.preconf>
    </target>

    <target name="seedpassing">
        <junit4.preconf seed="[DEADBEEF:CAFEBABE]">
            <classpath>
                <fileset dir=".." includes="dependency/randomized*.jar" />
            </classpath>
            <fileset dir="${basedir}">
                <include name="**/tests/TestSeedPassing.class" />
            </fileset>
        </junit4.preconf>
    </target>

    <target name="seedpassing.invalid">
        <junit4.preconf seed="invalid">
            <classpath>
                <fileset dir=".." includes="dependency/randomized*.jar" />
            </classpath>
            <fileset dir="${basedir}">
                <include name="**/tests/TestSeedPassing.class" />
            </fileset>
        </junit4.preconf>
    </target>
    
    <target name="reproducestring">
        <junit4.preconf haltonfailure="false">
            <classpath>
                <fileset dir=".." includes="dependency/randomized*.jar" />
            </classpath>
            <fileset dir="${basedir}">
                <include name="**/tests/TestReproduceString.class" />
            </fileset>
        </junit4.preconf>
    </target>
    
    <target name="assertions">
        <junit4.preconf>
            <fileset dir="${basedir}">
                <include name="**/tests/sub1/TestAssertions.class" />
            </fileset>

            <assertions>
              <enable package="com.carrotsearch.ant.tasks.junit4.tests.sub1"/>
            </assertions>            
        </junit4.preconf>
    </target>

    <target name="balancing">
    	<delete file="${basedir}/hints.log" />
        <junit4.preconf parallelism="2">
            <fileset dir="${basedir}">
                <include name="**/tests/sub2/Test*.class" />
            </fileset>

            <listeners>
            	<report-execution-times file="${basedir}/hints.log" historyLength="5" />
        	</listeners>

        	<balancers>
        		<execution-times>
        			<fileset dir="${basedir}" includes="hints*.log" />
    			</execution-times>
    		</balancers>
        </junit4.preconf>

        <fail message="Expected hints file to appear.">
            <condition>
                <not>
                    <available file="${basedir}/hints.log" type="file" />
                </not>
            </condition>
        </fail>    	
    </target>	

    <target name="alt-vendor">
        <fail unless="jvm.exec">jvm.exec property must be set.</fail>
        <junit4.preconf parallelism="1" leaveTemporary="true" 
            jvm="${jvm.exec}">
            <fileset dir="${basedir}">
                <include name="**/tests/TestStatuses.class" />
            </fileset>
        </junit4.preconf>
    </target>

    <target name="notaclass">
        <junit4.preconf>
            <fileset dir="${basedir}">
                <include name="junit4.xml" />
            </fileset>
        </junit4.preconf>
    </target>

    <target name="notinstantiable">
        <junit4.preconf>
            <fileset dir="${basedir}">
                <include name="**/tests/NotInstantiable.class" />
            </fileset>
        </junit4.preconf>
    </target>

    <target name="customprefix">
        <local name="blah.class" />
        <property name="blah.class" value="*Statuses" />
        <property name="blah.seed" value="deadbeef" />
        <junit4.preconf haltonfailure="false" prefix="blah">
            <fileset dir="${basedir}">
                <include name="**/tests/Test*.class" />
            </fileset>
        </junit4.preconf>
    </target>

    <target name="cwdconflict">
        <junit4.preconf haltonfailure="true" parallelism="2">
            <fileset dir="${basedir}">
                <include name="**/CwdConflict*.class" />
            </fileset>
        </junit4.preconf>
    </target>
	
    <target name="slavehanging">
        <junit4.preconf haltonfailure="false" parallelism="1">
            <fileset dir="${basedir}">
                <include name="**/SlaveHanging*.class" />
            	<exclude name="**/*$*" />
            </fileset>
        </junit4.preconf>
    </target>

    <target name="outofordersysouts">
        <junit4.preconf haltonfailure="true" parallelism="1">
        	<classpath>
                <fileset dir=".." includes="dependency/randomized*.jar" />
            </classpath>

            <fileset dir="${basedir}">
                <include name="**/OutOfOrderSysouts.class" />
                <exclude name="**/*$*" />
            </fileset>
        </junit4.preconf>
    </target>

    <target name="mergehints">
        <junit4.preconf parallelism="4">
            <fileset dir="${basedir}">
                <include name="**/tests/sub2/Test*.class" />
            </fileset>

            <listeners>
                <report-execution-times file="${basedir}/hints-1.log" />
            	<report-execution-times file="${basedir}/hints-2.log" />
            	<report-execution-times file="${basedir}/hints-3.log" />
            </listeners>
        </junit4.preconf>

    	<mergehints file="${basedir}/hints-merged.log" historyLength="3">
    		<fileset dir="${basedir}" includes="hints-?.log" />
	    </mergehints>

        <tophints max="3">
        	<fileset dir="${basedir}" includes="hints-merged.log" />
        </tophints>
    </target>

    <target name="staticScopeOutput">
        <junit4>
            <classpath refid="tests.classpath" />

            <fileset dir="${basedir}">
                <include name="**/TestStaticScopeOutput.class" />
            </fileset>

            <listeners>
                <report-text
                    showThrowable="true" 
                    showStackTraces="true" 
                    showOutputStream="true" 
                    showErrorStream="true"
                    showStatusOk="true"
                    showStatusError="true"
                    showStatusFailure="true"
                    showStatusIgnored="true"
                    showSuiteSummary="true"
                />

            	<report-json file="json/static-scope.json" />
            </listeners>
        </junit4>
    </target>
	
    <target name="iters">
        <junit4.preconf haltonfailure="true" prefix="junit4">
        	<sysproperty key="junit4.iters" value="5" />
            <fileset dir="${basedir}">
                <include name="**/TestSuccess.class" />
            </fileset>
        </junit4.preconf>
    </target>	
</project>