<antlib>
    <taskdef 
        name="junit4" 
        classname="com.carrotsearch.ant.tasks.junit4.JUnit4" />

    <typedef
        name="report-console" 
        classname="com.carrotsearch.ant.tasks.junit4.listeners.ConsoleReport" />

    <typedef
        name="report-ant-xml" 
        classname="com.carrotsearch.ant.tasks.junit4.listeners.antxml.AntXmlReport" />

    <typedef
        name="report-json" 
        classname="com.carrotsearch.ant.tasks.junit4.listeners.json.JsonReport" />        
</antlib> 