<antlib>
    <taskdef 
        name="junit4" 
        classname="com.carrotsearch.ant.tasks.junit4.JUnit4" />

    <typedef
        name="report-console" 
        classname="com.carrotsearch.ant.tasks.junit4.listeners.ConsoleReport" />
</antlib> 